c:\users\vitja\desktop\crm_system\crm_system\cmr_system\debug\vc140.pdb
c:\users\vitja\desktop\crm_system\crm_system\cmr_system\debug\.netframework,version=v4.5.2.assemblyattributes.obj
c:\users\vitja\desktop\crm_system\crm_system\cmr_system\debug\.netframework,version=v4.5.2.assemblyattributes.asm
c:\users\vitja\desktop\crm_system\crm_system\cmr_system\debug\login_form.obj
c:\users\vitja\desktop\crm_system\crm_system\cmr_system\debug\customer_list.obj
c:\users\vitja\desktop\crm_system\crm_system\cmr_system\debug\worker_list.obj
c:\users\vitja\desktop\crm_system\crm_system\cmr_system\debug\mainwindow.obj
c:\users\vitja\desktop\crm_system\crm_system\cmr_system\debug\headers.obj
c:\users\vitja\desktop\crm_system\crm_system\cmr_system\debug\customer_form.obj
c:\users\vitja\desktop\crm_system\crm_system\cmr_system\debug\coworkers.obj
c:\users\vitja\desktop\crm_system\crm_system\cmr_system\debug\cmr_system.coworkers.resources
c:\users\vitja\desktop\crm_system\crm_system\cmr_system\debug\cmr_system.customer_form.resources
c:\users\vitja\desktop\crm_system\crm_system\cmr_system\debug\cmr_system.customer_list.resources
c:\users\vitja\desktop\crm_system\crm_system\cmr_system\debug\cmr_system.login_form.resources
c:\users\vitja\desktop\crm_system\crm_system\cmr_system\debug\cmr_system.mainwindow.resources
c:\users\vitja\desktop\crm_system\crm_system\cmr_system\debug\cmr_system.worker_list.resources
c:\users\vitja\desktop\crm_system\crm_system\cmr_system\debug\cmr_system.vcxproj.generateresource.cache
c:\users\vitja\desktop\crm_system\crm_system\cmr_system\debug\cmr_system.vcxprojresolveassemblyreference.cache
c:\users\vitja\desktop\crm_system\crm_system\debug\crm_system.pdb
c:\users\vitja\desktop\crm_system\crm_system\cmr_system\debug\crm_system.tlog\cl.command.1.tlog
c:\users\vitja\desktop\crm_system\crm_system\cmr_system\debug\crm_system.tlog\cl.read.1.tlog
c:\users\vitja\desktop\crm_system\crm_system\cmr_system\debug\crm_system.tlog\cl.write.1.tlog
c:\users\vitja\desktop\crm_system\crm_system\cmr_system\debug\crm_system.tlog\crm_system.write.1u.tlog
c:\users\vitja\desktop\crm_system\crm_system\cmr_system\debug\crm_system.tlog\link.10820.10564-cvtres.read.1.tlog
c:\users\vitja\desktop\crm_system\crm_system\cmr_system\debug\crm_system.tlog\link.10820.10564-cvtres.write.1.tlog
c:\users\vitja\desktop\crm_system\crm_system\cmr_system\debug\crm_system.tlog\link.10820.10564-rc.read.1.tlog
c:\users\vitja\desktop\crm_system\crm_system\cmr_system\debug\crm_system.tlog\link.10820.10564-rc.write.1.tlog
c:\users\vitja\desktop\crm_system\crm_system\cmr_system\debug\crm_system.tlog\link.10820.10564.read.1.tlog
c:\users\vitja\desktop\crm_system\crm_system\cmr_system\debug\crm_system.tlog\link.10820.10564.write.1.tlog
c:\users\vitja\desktop\crm_system\crm_system\cmr_system\debug\crm_system.tlog\link.10820.read.1.tlog
c:\users\vitja\desktop\crm_system\crm_system\cmr_system\debug\crm_system.tlog\link.10820.write.1.tlog
c:\users\vitja\desktop\crm_system\crm_system\cmr_system\debug\crm_system.tlog\link.13680.4680-cvtres.read.1.tlog
c:\users\vitja\desktop\crm_system\crm_system\cmr_system\debug\crm_system.tlog\link.13680.4680-cvtres.write.1.tlog
c:\users\vitja\desktop\crm_system\crm_system\cmr_system\debug\crm_system.tlog\link.13680.4680-rc.read.1.tlog
c:\users\vitja\desktop\crm_system\crm_system\cmr_system\debug\crm_system.tlog\link.13680.4680-rc.write.1.tlog
c:\users\vitja\desktop\crm_system\crm_system\cmr_system\debug\crm_system.tlog\link.13680.4680.read.1.tlog
c:\users\vitja\desktop\crm_system\crm_system\cmr_system\debug\crm_system.tlog\link.13680.4680.write.1.tlog
c:\users\vitja\desktop\crm_system\crm_system\cmr_system\debug\crm_system.tlog\link.13680.read.1.tlog
c:\users\vitja\desktop\crm_system\crm_system\cmr_system\debug\crm_system.tlog\link.13680.write.1.tlog
c:\users\vitja\desktop\crm_system\crm_system\cmr_system\debug\crm_system.tlog\link.14072.552-cvtres.read.1.tlog
c:\users\vitja\desktop\crm_system\crm_system\cmr_system\debug\crm_system.tlog\link.14072.552-cvtres.write.1.tlog
c:\users\vitja\desktop\crm_system\crm_system\cmr_system\debug\crm_system.tlog\link.14072.552-rc.read.1.tlog
c:\users\vitja\desktop\crm_system\crm_system\cmr_system\debug\crm_system.tlog\link.14072.552-rc.write.1.tlog
c:\users\vitja\desktop\crm_system\crm_system\cmr_system\debug\crm_system.tlog\link.14072.552.read.1.tlog
c:\users\vitja\desktop\crm_system\crm_system\cmr_system\debug\crm_system.tlog\link.14072.552.write.1.tlog
c:\users\vitja\desktop\crm_system\crm_system\cmr_system\debug\crm_system.tlog\link.14072.read.1.tlog
c:\users\vitja\desktop\crm_system\crm_system\cmr_system\debug\crm_system.tlog\link.14072.write.1.tlog
c:\users\vitja\desktop\crm_system\crm_system\cmr_system\debug\crm_system.tlog\link.command.1.tlog
c:\users\vitja\desktop\crm_system\crm_system\cmr_system\debug\crm_system.tlog\link.read.1.tlog
c:\users\vitja\desktop\crm_system\crm_system\cmr_system\debug\crm_system.tlog\link.write.1.tlog
c:\users\vitja\desktop\crm_system\crm_system\cmr_system\debug\crm_system.tlog\metagen.read.1.tlog
c:\users\vitja\desktop\crm_system\crm_system\cmr_system\debug\crm_system.tlog\metagen.write.1.tlog
c:\users\vitja\desktop\crm_system\crm_system\cmr_system\debug\crm_system.tlog\oleaccrc.dll.bi
c:\users\vitja\desktop\crm_system\crm_system\cmr_system\debug\crm_system.tlog\tzres.dll.bi
